/home/feng.934/Codes/0.Codes/ExactDiagPy/src/Observ.py:1049: ComplexWarning: Casting complex values to real discards the imaginary part
  Cc[c] = matele(gs, S_ref * S_c, gs)
Parameters are ....
LLX = 4
LLY = 3
IsPeriodicX = 1
IsPeriodicY = 1
Dof = SpinHalf
Geometry = Honeycomb
Model = Kitaev
tolerance = 1e-07
Kxx = 1.0
Kyy = 1.0
Kzz = 4.0
Bxx = 0.0
Byy = 0.0
Bzz = 0.0
Nstates = 1
----------------- End of Parameters -----------------

[Lattice.py] building Honeycomb lattice...


0	-1	-1	-1	-1	-1	

-1	1	2	-1	-1	-1	

6	-1	-1	3	4	-1	

-1	7	8	-1	-1	5	

12	-1	-1	9	10	-1	

-1	13	14	-1	-1	11	

18	-1	-1	15	16	-1	

-1	19	20	-1	-1	17	

-1	-1	-1	21	22	-1	

-1	-1	-1	-1	-1	23	

-1	-1	-1	-1	-1	-1	


[Lattice.py] Looking for nearest neighbors...


1	19	5	

0	6	2	

3	21	1	

2	8	4	

5	23	3	

4	10	0	

7	1	11	

6	12	8	

9	3	7	

8	14	10	

11	5	9	

10	16	6	

13	7	17	

12	18	14	

15	9	13	

14	20	16	

17	11	15	

16	22	12	

19	13	23	

18	0	20	

21	15	19	

20	2	22	

23	17	21	

22	4	18	


Map: # -> (r1,r2)


0.0	0.0	

0.3333333333333333	0.3333333333333333	

1.0	0.0	

1.3333333333333333	0.3333333333333333	

2.0	0.0	

2.3333333333333335	0.3333333333333333	

3.0	0.0	

3.3333333333333335	0.3333333333333333	

0.0	1.0	

0.3333333333333333	1.3333333333333333	

1.0	1.0	

1.3333333333333333	1.3333333333333333	

2.0	1.0	

2.3333333333333335	1.3333333333333333	

3.0	1.0	

3.3333333333333335	1.3333333333333333	

0.0	2.0	

0.3333333333333333	2.3333333333333335	

1.0	2.0	

1.3333333333333333	2.3333333333333335	

2.0	2.0	

2.3333333333333335	2.3333333333333335	

3.0	2.0	

3.3333333333333335	2.3333333333333335	

Kitaev
16777216
Calculating Static Sy-Sy...
time = 44.5022 sec
